<testsuites id="" name="" tests="20" failures="0" skipped="0" errors="0" time="43.34208">
<testsuite name="Button.spec.ts" timestamp="2025-08-16T14:58:07.416Z" hostname="chromium" tests="4" failures="0" skipped="0" time="13.417" errors="0">
<testcase name="Button Component - Visual and Accessibility Tests › should render and handle all core visual states correctly" classname="Button.spec.ts" time="3.325">
</testcase>
<testcase name="Button Component - Visual and Accessibility Tests › should be keyboard accessible" classname="Button.spec.ts" time="3.253">
</testcase>
<testcase name="Button Component - Functional and Performance Tests › should handle rapid interactions without failure" classname="Button.spec.ts" time="3.209">
</testcase>
<testcase name="Button Component - Functional and Performance Tests › should render quickly" classname="Button.spec.ts" time="3.63">
</testcase>
</testsuite>
<testsuite name="Button.spec.ts" timestamp="2025-08-16T14:58:07.416Z" hostname="firefox" tests="4" failures="0" skipped="0" time="38.204" errors="0">
<testcase name="Button Component - Visual and Accessibility Tests › should render and handle all core visual states correctly" classname="Button.spec.ts" time="9.835">
</testcase>
<testcase name="Button Component - Visual and Accessibility Tests › should be keyboard accessible" classname="Button.spec.ts" time="10.159">
</testcase>
<testcase name="Button Component - Functional and Performance Tests › should handle rapid interactions without failure" classname="Button.spec.ts" time="9.957">
</testcase>
<testcase name="Button Component - Functional and Performance Tests › should render quickly" classname="Button.spec.ts" time="8.253">
</testcase>
</testsuite>
<testsuite name="Button.spec.ts" timestamp="2025-08-16T14:58:07.416Z" hostname="webkit" tests="4" failures="0" skipped="0" time="11.672" errors="0">
<testcase name="Button Component - Visual and Accessibility Tests › should render and handle all core visual states correctly" classname="Button.spec.ts" time="5.323">
</testcase>
<testcase name="Button Component - Visual and Accessibility Tests › should be keyboard accessible" classname="Button.spec.ts" time="2.782">
</testcase>
<testcase name="Button Component - Functional and Performance Tests › should handle rapid interactions without failure" classname="Button.spec.ts" time="1.929">
</testcase>
<testcase name="Button Component - Functional and Performance Tests › should render quickly" classname="Button.spec.ts" time="1.638">
</testcase>
</testsuite>
<testsuite name="Button.spec.ts" timestamp="2025-08-16T14:58:07.416Z" hostname="Mobile Chrome" tests="4" failures="0" skipped="0" time="6.466" errors="0">
<testcase name="Button Component - Visual and Accessibility Tests › should render and handle all core visual states correctly" classname="Button.spec.ts" time="2.975">
</testcase>
<testcase name="Button Component - Visual and Accessibility Tests › should be keyboard accessible" classname="Button.spec.ts" time="1.507">
</testcase>
<testcase name="Button Component - Functional and Performance Tests › should handle rapid interactions without failure" classname="Button.spec.ts" time="1.027">
</testcase>
<testcase name="Button Component - Functional and Performance Tests › should render quickly" classname="Button.spec.ts" time="0.957">
</testcase>
</testsuite>
<testsuite name="Button.spec.ts" timestamp="2025-08-16T14:58:07.416Z" hostname="Mobile Safari" tests="4" failures="0" skipped="0" time="11.587" errors="0">
<testcase name="Button Component - Visual and Accessibility Tests › should render and handle all core visual states correctly" classname="Button.spec.ts" time="3.645">
</testcase>
<testcase name="Button Component - Visual and Accessibility Tests › should be keyboard accessible" classname="Button.spec.ts" time="2.819">
</testcase>
<testcase name="Button Component - Functional and Performance Tests › should handle rapid interactions without failure" classname="Button.spec.ts" time="2.7">
</testcase>
<testcase name="Button Component - Functional and Performance Tests › should render quickly" classname="Button.spec.ts" time="2.423">
</testcase>
</testsuite>
</testsuites>