<testsuites id="" name="" tests="5" failures="0" skipped="0" errors="0" time="18.090939000000002">
<testsuite name="button.visual.spec.ts" timestamp="2025-08-16T14:02:13.781Z" hostname="chromium" tests="1" failures="0" skipped="0" time="3.058" errors="0">
<testcase name="Button visual regression" classname="button.visual.spec.ts" time="3.058">
</testcase>
</testsuite>
<testsuite name="button.visual.spec.ts" timestamp="2025-08-16T14:02:13.781Z" hostname="firefox" tests="1" failures="0" skipped="0" time="3.894" errors="0">
<testcase name="Button visual regression" classname="button.visual.spec.ts" time="3.894">
</testcase>
</testsuite>
<testsuite name="button.visual.spec.ts" timestamp="2025-08-16T14:02:13.781Z" hostname="webkit" tests="1" failures="0" skipped="0" time="4.608" errors="0">
<testcase name="Button visual regression" classname="button.visual.spec.ts" time="4.608">
</testcase>
</testsuite>
<testsuite name="button.visual.spec.ts" timestamp="2025-08-16T14:02:13.781Z" hostname="Mobile Chrome" tests="1" failures="0" skipped="0" time="3.389" errors="0">
<testcase name="Button visual regression" classname="button.visual.spec.ts" time="3.389">
</testcase>
</testsuite>
<testsuite name="button.visual.spec.ts" timestamp="2025-08-16T14:02:13.781Z" hostname="Mobile Safari" tests="1" failures="0" skipped="0" time="2.311" errors="0">
<testcase name="Button visual regression" classname="button.visual.spec.ts" time="2.311">
</testcase>
</testsuite>
</testsuites>