<testsuites id="" name="" tests="15" failures="0" skipped="0" errors="0" time="43.490411">
<testsuite name="Button.spec.ts" timestamp="2025-08-16T15:52:05.905Z" hostname="chromium" tests="3" failures="0" skipped="0" time="9.154" errors="0">
<testcase name="Button Component - Functional and Accessibility Tests › should be keyboard accessible" classname="Button.spec.ts" time="2.997">
</testcase>
<testcase name="Button Component - Functional and Accessibility Tests › should handle rapid interactions without failure" classname="Button.spec.ts" time="3.121">
</testcase>
<testcase name="Button Component - Functional and Accessibility Tests › should render quickly" classname="Button.spec.ts" time="3.036">
</testcase>
</testsuite>
<testsuite name="Button.spec.ts" timestamp="2025-08-16T15:52:05.905Z" hostname="firefox" tests="3" failures="0" skipped="0" time="27.204" errors="0">
<testcase name="Button Component - Functional and Accessibility Tests › should be keyboard accessible" classname="Button.spec.ts" time="11.082">
</testcase>
<testcase name="Button Component - Functional and Accessibility Tests › should handle rapid interactions without failure" classname="Button.spec.ts" time="8.651">
</testcase>
<testcase name="Button Component - Functional and Accessibility Tests › should render quickly" classname="Button.spec.ts" time="7.471">
</testcase>
</testsuite>
<testsuite name="Button.spec.ts" timestamp="2025-08-16T15:52:05.905Z" hostname="webkit" tests="3" failures="0" skipped="0" time="12.652" errors="0">
<testcase name="Button Component - Functional and Accessibility Tests › should be keyboard accessible" classname="Button.spec.ts" time="3.686">
</testcase>
<testcase name="Button Component - Functional and Accessibility Tests › should handle rapid interactions without failure" classname="Button.spec.ts" time="4.711">
</testcase>
<testcase name="Button Component - Functional and Accessibility Tests › should render quickly" classname="Button.spec.ts" time="4.255">
</testcase>
</testsuite>
<testsuite name="Button.spec.ts" timestamp="2025-08-16T15:52:05.905Z" hostname="Mobile Chrome" tests="3" failures="0" skipped="0" time="4.811" errors="0">
<testcase name="Button Component - Functional and Accessibility Tests › should be keyboard accessible" classname="Button.spec.ts" time="1.952">
</testcase>
<testcase name="Button Component - Functional and Accessibility Tests › should handle rapid interactions without failure" classname="Button.spec.ts" time="1.707">
</testcase>
<testcase name="Button Component - Functional and Accessibility Tests › should render quickly" classname="Button.spec.ts" time="1.152">
</testcase>
</testsuite>
<testsuite name="Button.spec.ts" timestamp="2025-08-16T15:52:05.905Z" hostname="Mobile Safari" tests="3" failures="0" skipped="0" time="6.646" errors="0">
<testcase name="Button Component - Functional and Accessibility Tests › should be keyboard accessible" classname="Button.spec.ts" time="2.075">
</testcase>
<testcase name="Button Component - Functional and Accessibility Tests › should handle rapid interactions without failure" classname="Button.spec.ts" time="2.321">
</testcase>
<testcase name="Button Component - Functional and Accessibility Tests › should render quickly" classname="Button.spec.ts" time="2.25">
</testcase>
</testsuite>
</testsuites>