<?xml version="1.0" encoding="UTF-8"?>
<coverage generated="1754927048932" clover="3.2.0">
  <project timestamp="1754927048932" name="All files">
    <metrics statements="2" coveredstatements="0" conditionals="0" coveredconditionals="0" methods="1" coveredmethods="0" elements="3" coveredelements="0" complexity="0" loc="2" ncloc="2" packages="1" files="2" classes="2"/>
    <file name="App.jsx" path="D:\webproject\accessibilty-test\src\App.jsx">
      <metrics statements="1" coveredstatements="0" conditionals="0" coveredconditionals="0" methods="1" coveredmethods="0"/>
      <line num="5" count="0" type="stmt"/>
    </file>
    <file name="main.jsx" path="D:\webproject\accessibilty-test\src\main.jsx">
      <metrics statements="1" coveredstatements="0" conditionals="0" coveredconditionals="0" methods="0" coveredmethods="0"/>
      <line num="6" count="0" type="stmt"/>
    </file>
  </project>
</coverage>
